# JRE version: OpenJDK Runtime Environment (8.0_232-b09) (build 1.8.0_232-8u232-b09-0ubuntu1~18.04.1-b09)
# Java VM: OpenJDK 64-Bit Server VM (25.232-b09 mixed mode linux-amd64 compressed oops)
Heap:
 PSYoungGen      total 426496K, used 17840K [0x00000000d7b80000, 0x00000000f3f00000, 0x0000000100000000)
  eden space 406528K, 0% used [0x00000000d7b80000,0x00000000d7b80000,0x00000000f0880000)
  from space 19968K, 89% used [0x00000000f0880000,0x00000000f19ec260,0x00000000f1c00000)
  to   space 15872K, 0% used [0x00000000f1c00000,0x00000000f1c00000,0x00000000f2b80000)
 ParOldGen       total 73216K, used 25492K [0x0000000087200000, 0x000000008b980000, 0x00000000d7b80000)
  object space 73216K, 34% used [0x0000000087200000,0x0000000088ae5328,0x000000008b980000)
 Metaspace       used 57263K, capacity 58770K, committed 59008K, reserved 1099776K
  class space    used 7462K, capacity 7799K, committed 7808K, reserved 1048576K
GC Heap History (10 events):
Event: 2,577 GC heap after
Heap after GC invocations=6 (full 1):
 PSYoungGen      total 130048K, used 0K [0x00000000d7b80000, 0x00000000e8280000, 0x0000000100000000)
  eden space 124928K, 0% used [0x00000000d7b80000,0x00000000d7b80000,0x00000000df580000)
  from space 5120K, 0% used [0x00000000df580000,0x00000000df580000,0x00000000dfa80000)
  to   space 9728K, 0% used [0x00000000e7900000,0x00000000e7900000,0x00000000e8280000)
 ParOldGen       total 45568K, used 5099K [0x0000000087200000, 0x0000000089e80000, 0x00000000d7b80000)
  object space 45568K, 11% used [0x0000000087200000,0x00000000876fadc0,0x0000000089e80000)
 Metaspace       used 20679K, capacity 21162K, committed 21248K, reserved 1067008K
  class space    used 2628K, capacity 2771K, committed 2816K, reserved 1048576K
}
Event: 3,843 GC heap before
{Heap before GC invocations=7 (full 1):
 PSYoungGen      total 130048K, used 124928K [0x00000000d7b80000, 0x00000000e8280000, 0x0000000100000000)
  eden space 124928K, 100% used [0x00000000d7b80000,0x00000000df580000,0x00000000df580000)
  from space 5120K, 0% used [0x00000000df580000,0x00000000df580000,0x00000000dfa80000)
  to   space 9728K, 0% used [0x00000000e7900000,0x00000000e7900000,0x00000000e8280000)
 ParOldGen       total 45568K, used 5099K [0x0000000087200000, 0x0000000089e80000, 0x00000000d7b80000)
  object space 45568K, 11% used [0x0000000087200000,0x00000000876fadc0,0x0000000089e80000)
 Metaspace       used 24680K, capacity 25386K, committed 25600K, reserved 1071104K
  class space    used 3120K, capacity 3303K, committed 3328K, reserved 1048576K
Event: 3,856 GC heap after
Heap after GC invocations=7 (full 1):
 PSYoungGen      total 238080K, used 8767K [0x00000000d7b80000, 0x00000000e8200000, 0x0000000100000000)
  eden space 228864K, 0% used [0x00000000d7b80000,0x00000000d7b80000,0x00000000e5b00000)
  from space 9216K, 95% used [0x00000000e7900000,0x00000000e818fc28,0x00000000e8200000)
  to   space 10752K, 0% used [0x00000000e6d00000,0x00000000e6d00000,0x00000000e7780000)
 ParOldGen       total 45568K, used 5107K [0x0000000087200000, 0x0000000089e80000, 0x00000000d7b80000)
  object space 45568K, 11% used [0x0000000087200000,0x00000000876fcdc0,0x0000000089e80000)
 Metaspace       used 24680K, capacity 25386K, committed 25600K, reserved 1071104K
  class space    used 3120K, capacity 3303K, committed 3328K, reserved 1048576K
}
Event: 5,555 GC heap before
{Heap before GC invocations=8 (full 1):
 PSYoungGen      total 238080K, used 191361K [0x00000000d7b80000, 0x00000000e8200000, 0x0000000100000000)
  eden space 228864K, 79% used [0x00000000d7b80000,0x00000000e2dd0af0,0x00000000e5b00000)
  from space 9216K, 95% used [0x00000000e7900000,0x00000000e818fc28,0x00000000e8200000)
  to   space 10752K, 0% used [0x00000000e6d00000,0x00000000e6d00000,0x00000000e7780000)
 ParOldGen       total 45568K, used 5107K [0x0000000087200000, 0x0000000089e80000, 0x00000000d7b80000)
  object space 45568K, 11% used [0x0000000087200000,0x00000000876fcdc0,0x0000000089e80000)
 Metaspace       used 34239K, capacity 35220K, committed 35416K, reserved 1081344K
  class space    used 4264K, capacity 4498K, committed 4608K, reserved 1048576K
Event: 5,602 GC heap after
Heap after GC invocations=8 (full 1):
 PSYoungGen      total 258048K, used 10726K [0x00000000d7b80000, 0x00000000f2b80000, 0x0000000100000000)
  eden space 247296K, 0% used [0x00000000d7b80000,0x00000000d7b80000,0x00000000e6d00000)
  from space 10752K, 99% used [0x00000000e6d00000,0x00000000e7779918,0x00000000e7780000)
  to   space 15872K, 0% used [0x00000000f1c00000,0x00000000f1c00000,0x00000000f2b80000)
 ParOldGen       total 45568K, used 11686K [0x0000000087200000, 0x0000000089e80000, 0x00000000d7b80000)
  object space 45568K, 25% used [0x0000000087200000,0x0000000087d69968,0x0000000089e80000)
 Metaspace       used 34239K, capacity 35220K, committed 35416K, reserved 1081344K
  class space    used 4264K, capacity 4498K, committed 4608K, reserved 1048576K
}
Event: 5,602 GC heap before
{Heap before GC invocations=9 (full 2):
 PSYoungGen      total 258048K, used 10726K [0x00000000d7b80000, 0x00000000f2b80000, 0x0000000100000000)
  eden space 247296K, 0% used [0x00000000d7b80000,0x00000000d7b80000,0x00000000e6d00000)
  from space 10752K, 99% used [0x00000000e6d00000,0x00000000e7779918,0x00000000e7780000)
  to   space 15872K, 0% used [0x00000000f1c00000,0x00000000f1c00000,0x00000000f2b80000)
 ParOldGen       total 45568K, used 11686K [0x0000000087200000, 0x0000000089e80000, 0x00000000d7b80000)
  object space 45568K, 25% used [0x0000000087200000,0x0000000087d69968,0x0000000089e80000)
 Metaspace       used 34239K, capacity 35220K, committed 35416K, reserved 1081344K
  class space    used 4264K, capacity 4498K, committed 4608K, reserved 1048576K
Event: 5,757 GC heap after
Heap after GC invocations=9 (full 2):
 PSYoungGen      total 258048K, used 0K [0x00000000d7b80000, 0x00000000f2b80000, 0x0000000100000000)
  eden space 247296K, 0% used [0x00000000d7b80000,0x00000000d7b80000,0x00000000e6d00000)
  from space 10752K, 0% used [0x00000000e6d00000,0x00000000e6d00000,0x00000000e7780000)
  to   space 15872K, 0% used [0x00000000f1c00000,0x00000000f1c00000,0x00000000f2b80000)
 ParOldGen       total 73216K, used 21477K [0x0000000087200000, 0x000000008b980000, 0x00000000d7b80000)
  object space 73216K, 29% used [0x0000000087200000,0x00000000886f97d8,0x000000008b980000)
 Metaspace       used 34239K, capacity 35220K, committed 35416K, reserved 1081344K
  class space    used 4264K, capacity 4498K, committed 4608K, reserved 1048576K
}
Event: 10,870 GC heap before
{Heap before GC invocations=10 (full 2):
 PSYoungGen      total 258048K, used 247296K [0x00000000d7b80000, 0x00000000f2b80000, 0x0000000100000000)
  eden space 247296K, 100% used [0x00000000d7b80000,0x00000000e6d00000,0x00000000e6d00000)
  from space 10752K, 0% used [0x00000000e6d00000,0x00000000e6d00000,0x00000000e7780000)
  to   space 15872K, 0% used [0x00000000f1c00000,0x00000000f1c00000,0x00000000f2b80000)
 ParOldGen       total 73216K, used 21477K [0x0000000087200000, 0x000000008b980000, 0x00000000d7b80000)
  object space 73216K, 29% used [0x0000000087200000,0x00000000886f97d8,0x000000008b980000)
 Metaspace       used 52078K, capacity 53448K, committed 53632K, reserved 1095680K
  class space    used 6741K, capacity 7030K, committed 7040K, reserved 1048576K
Event: 11,702 GC heap after
Heap after GC invocations=10 (full 2):
 PSYoungGen      total 422400K, used 15845K [0x00000000d7b80000, 0x00000000f3f00000, 0x0000000100000000)
  eden space 406528K, 0% used [0x00000000d7b80000,0x00000000d7b80000,0x00000000f0880000)
  from space 15872K, 99% used [0x00000000f1c00000,0x00000000f2b79798,0x00000000f2b80000)
  to   space 19968K, 0% used [0x00000000f0880000,0x00000000f0880000,0x00000000f1c00000)
 ParOldGen       total 73216K, used 25484K [0x0000000087200000, 0x000000008b980000, 0x00000000d7b80000)
  object space 73216K, 34% used [0x0000000087200000,0x0000000088ae3328,0x000000008b980000)
 Metaspace       used 52078K, capacity 53448K, committed 53632K, reserved 1095680K
  class space    used 6741K, capacity 7030K, committed 7040K, reserved 1048576K
}
Event: 77,172 GC heap before
{Heap before GC invocations=11 (full 2):
 PSYoungGen      total 422400K, used 195440K [0x00000000d7b80000, 0x00000000f3f00000, 0x0000000100000000)
  eden space 406528K, 44% used [0x00000000d7b80000,0x00000000e2ae2b98,0x00000000f0880000)
  from space 15872K, 99% used [0x00000000f1c00000,0x00000000f2b79798,0x00000000f2b80000)
  to   space 19968K, 0% used [0x00000000f0880000,0x00000000f0880000,0x00000000f1c00000)
 ParOldGen       total 73216K, used 25484K [0x0000000087200000, 0x000000008b980000, 0x00000000d7b80000)
  object space 73216K, 34% used [0x0000000087200000,0x0000000088ae3328,0x000000008b980000)
 Metaspace       used 57263K, capacity 58770K, committed 59008K, reserved 1099776K
  class space    used 7462K, capacity 7799K, committed 7808K, reserved 1048576K

