# JRE version: OpenJDK Runtime Environment (8.0_232-b09) (build 1.8.0_232-8u232-b09-0ubuntu1~18.04.1-b09)
# Java VM: OpenJDK 64-Bit Server VM (25.232-b09 mixed mode linux-amd64 compressed oops)
Heap:
 PSYoungGen      total 249344K, used 11088K [0x00000000d7b80000, 0x00000000e7b80000, 0x0000000100000000)
  eden space 236544K, 0% used [0x00000000d7b80000,0x00000000d7b80000,0x00000000e6280000)
  from space 12800K, 86% used [0x00000000e6280000,0x00000000e6d54010,0x00000000e6f00000)
  to   space 9728K, 0% used [0x00000000e6f00000,0x00000000e6f00000,0x00000000e7880000)
 ParOldGen       total 44032K, used 11752K [0x0000000087200000, 0x0000000089d00000, 0x00000000d7b80000)
  object space 44032K, 26% used [0x0000000087200000,0x0000000087d7a090,0x0000000089d00000)
 Metaspace       used 34172K, capacity 35224K, committed 35416K, reserved 1081344K
  class space    used 4259K, capacity 4498K, committed 4608K, reserved 1048576K
GC Heap History (10 events):
Event: 1,454 GC heap after
Heap after GC invocations=5 (full 0):
 PSYoungGen      total 67584K, used 5111K [0x00000000d7b80000, 0x00000000e0680000, 0x0000000100000000)
  eden space 62464K, 0% used [0x00000000d7b80000,0x00000000d7b80000,0x00000000db880000)
  from space 5120K, 99% used [0x00000000db880000,0x00000000dbd7dee0,0x00000000dbd80000)
  to   space 8704K, 0% used [0x00000000dfe00000,0x00000000dfe00000,0x00000000e0680000)
 ParOldGen       total 83456K, used 4998K [0x0000000087200000, 0x000000008c380000, 0x00000000d7b80000)
  object space 83456K, 5% used [0x0000000087200000,0x00000000876e1bd0,0x000000008c380000)
 Metaspace       used 20654K, capacity 21170K, committed 21248K, reserved 1067008K
  class space    used 2627K, capacity 2771K, committed 2816K, reserved 1048576K
}
Event: 1,454 GC heap before
{Heap before GC invocations=6 (full 0):
 PSYoungGen      total 67584K, used 6060K [0x00000000d7b80000, 0x00000000e0680000, 0x0000000100000000)
  eden space 62464K, 1% used [0x00000000d7b80000,0x00000000d7c6d348,0x00000000db880000)
  from space 5120K, 99% used [0x00000000db880000,0x00000000dbd7dee0,0x00000000dbd80000)
  to   space 8704K, 0% used [0x00000000dfe00000,0x00000000dfe00000,0x00000000e0680000)
 ParOldGen       total 83456K, used 4998K [0x0000000087200000, 0x000000008c380000, 0x00000000d7b80000)
  object space 83456K, 5% used [0x0000000087200000,0x00000000876e1bd0,0x000000008c380000)
 Metaspace       used 20655K, capacity 21170K, committed 21248K, reserved 1067008K
  class space    used 2627K, capacity 2771K, committed 2816K, reserved 1048576K
Event: 1,459 GC heap after
Heap after GC invocations=6 (full 0):
 PSYoungGen      total 133632K, used 5207K [0x00000000d7b80000, 0x00000000e0680000, 0x0000000100000000)
  eden space 124928K, 0% used [0x00000000d7b80000,0x00000000d7b80000,0x00000000df580000)
  from space 8704K, 59% used [0x00000000dfe00000,0x00000000e0315ec0,0x00000000e0680000)
  to   space 8704K, 0% used [0x00000000df580000,0x00000000df580000,0x00000000dfe00000)
 ParOldGen       total 83456K, used 5006K [0x0000000087200000, 0x000000008c380000, 0x00000000d7b80000)
  object space 83456K, 5% used [0x0000000087200000,0x00000000876e3bd0,0x000000008c380000)
 Metaspace       used 20655K, capacity 21170K, committed 21248K, reserved 1067008K
  class space    used 2627K, capacity 2771K, committed 2816K, reserved 1048576K
}
Event: 1,459 GC heap before
{Heap before GC invocations=7 (full 1):
 PSYoungGen      total 133632K, used 5207K [0x00000000d7b80000, 0x00000000e0680000, 0x0000000100000000)
  eden space 124928K, 0% used [0x00000000d7b80000,0x00000000d7b80000,0x00000000df580000)
  from space 8704K, 59% used [0x00000000dfe00000,0x00000000e0315ec0,0x00000000e0680000)
  to   space 8704K, 0% used [0x00000000df580000,0x00000000df580000,0x00000000dfe00000)
 ParOldGen       total 83456K, used 5006K [0x0000000087200000, 0x000000008c380000, 0x00000000d7b80000)
  object space 83456K, 5% used [0x0000000087200000,0x00000000876e3bd0,0x000000008c380000)
 Metaspace       used 20655K, capacity 21170K, committed 21248K, reserved 1067008K
  class space    used 2627K, capacity 2771K, committed 2816K, reserved 1048576K
Event: 1,484 GC heap after
Heap after GC invocations=7 (full 1):
 PSYoungGen      total 133632K, used 0K [0x00000000d7b80000, 0x00000000e0680000, 0x0000000100000000)
  eden space 124928K, 0% used [0x00000000d7b80000,0x00000000d7b80000,0x00000000df580000)
  from space 8704K, 0% used [0x00000000dfe00000,0x00000000dfe00000,0x00000000e0680000)
  to   space 8704K, 0% used [0x00000000df580000,0x00000000df580000,0x00000000dfe00000)
 ParOldGen       total 44032K, used 7093K [0x0000000087200000, 0x0000000089d00000, 0x00000000d7b80000)
  object space 44032K, 16% used [0x0000000087200000,0x00000000878ed420,0x0000000089d00000)
 Metaspace       used 20655K, capacity 21170K, committed 21248K, reserved 1067008K
  class space    used 2627K, capacity 2771K, committed 2816K, reserved 1048576K
}
Event: 1,880 GC heap before
{Heap before GC invocations=8 (full 1):
 PSYoungGen      total 133632K, used 124928K [0x00000000d7b80000, 0x00000000e0680000, 0x0000000100000000)
  eden space 124928K, 100% used [0x00000000d7b80000,0x00000000df580000,0x00000000df580000)
  from space 8704K, 0% used [0x00000000dfe00000,0x00000000dfe00000,0x00000000e0680000)
  to   space 8704K, 0% used [0x00000000df580000,0x00000000df580000,0x00000000dfe00000)
 ParOldGen       total 44032K, used 7093K [0x0000000087200000, 0x0000000089d00000, 0x00000000d7b80000)
  object space 44032K, 16% used [0x0000000087200000,0x00000000878ed420,0x0000000089d00000)
 Metaspace       used 24152K, capacity 24828K, committed 25088K, reserved 1071104K
  class space    used 3076K, capacity 3242K, committed 3328K, reserved 1048576K
Event: 1,899 GC heap after
Heap after GC invocations=8 (full 1):
 PSYoungGen      total 133632K, used 8569K [0x00000000d7b80000, 0x00000000e7880000, 0x0000000100000000)
  eden space 124928K, 0% used [0x00000000d7b80000,0x00000000d7b80000,0x00000000df580000)
  from space 8704K, 98% used [0x00000000df580000,0x00000000dfdde5b0,0x00000000dfe00000)
  to   space 9728K, 0% used [0x00000000e6f00000,0x00000000e6f00000,0x00000000e7880000)
 ParOldGen       total 44032K, used 7101K [0x0000000087200000, 0x0000000089d00000, 0x00000000d7b80000)
  object space 44032K, 16% used [0x0000000087200000,0x00000000878ef420,0x0000000089d00000)
 Metaspace       used 24152K, capacity 24828K, committed 25088K, reserved 1071104K
  class space    used 3076K, capacity 3242K, committed 3328K, reserved 1048576K
}
Event: 6,991 GC heap before
{Heap before GC invocations=9 (full 1):
 PSYoungGen      total 133632K, used 133497K [0x00000000d7b80000, 0x00000000e7880000, 0x0000000100000000)
  eden space 124928K, 100% used [0x00000000d7b80000,0x00000000df580000,0x00000000df580000)
  from space 8704K, 98% used [0x00000000df580000,0x00000000dfdde5b0,0x00000000dfe00000)
  to   space 9728K, 0% used [0x00000000e6f00000,0x00000000e6f00000,0x00000000e7880000)
 ParOldGen       total 44032K, used 7101K [0x0000000087200000, 0x0000000089d00000, 0x00000000d7b80000)
  object space 44032K, 16% used [0x0000000087200000,0x00000000878ef420,0x0000000089d00000)
 Metaspace       used 31977K, capacity 32946K, committed 33280K, reserved 1079296K
  class space    used 3999K, capacity 4233K, committed 4352K, reserved 1048576K
Event: 7,112 GC heap after
Heap after GC invocations=9 (full 1):
 PSYoungGen      total 246272K, used 9713K [0x00000000d7b80000, 0x00000000e7b80000, 0x0000000100000000)
  eden space 236544K, 0% used [0x00000000d7b80000,0x00000000d7b80000,0x00000000e6280000)
  from space 9728K, 99% used [0x00000000e6f00000,0x00000000e787c770,0x00000000e7880000)
  to   space 12800K, 0% used [0x00000000e6280000,0x00000000e6280000,0x00000000e6f00000)
 ParOldGen       total 44032K, used 11744K [0x0000000087200000, 0x0000000089d00000, 0x00000000d7b80000)
  object space 44032K, 26% used [0x0000000087200000,0x0000000087d78090,0x0000000089d00000)
 Metaspace       used 31977K, capacity 32946K, committed 33280K, reserved 1079296K
  class space    used 3999K, capacity 4233K, committed 4352K, reserved 1048576K
}
Event: 45,323 GC heap before
{Heap before GC invocations=10 (full 1):
 PSYoungGen      total 246272K, used 66966K [0x00000000d7b80000, 0x00000000e7b80000, 0x0000000100000000)
  eden space 236544K, 24% used [0x00000000d7b80000,0x00000000db369398,0x00000000e6280000)
  from space 9728K, 99% used [0x00000000e6f00000,0x00000000e787c770,0x00000000e7880000)
  to   space 12800K, 0% used [0x00000000e6280000,0x00000000e6280000,0x00000000e6f00000)
 ParOldGen       total 44032K, used 11744K [0x0000000087200000, 0x0000000089d00000, 0x00000000d7b80000)
  object space 44032K, 26% used [0x0000000087200000,0x0000000087d78090,0x0000000089d00000)
 Metaspace       used 34172K, capacity 35224K, committed 35416K, reserved 1081344K
  class space    used 4259K, capacity 4498K, committed 4608K, reserved 1048576K

